{"target": 0.47648137059330736, "params": {"batch_size": 2.337592471860109, "dropout": 0.34911395217755437, "l2_reg": 0.008980976833534382, "lr": 0.006112237153836767, "num_layers": 2.634881673971279, "num_units": 441.4685374210596, "optimizer": 2.604112613392644}, "datetime": {"datetime": "2020-08-11 23:10:19", "elapsed": 50139.481683, "delta": 379.553843}}
{"target": 0.7430318142213169, "params": {"batch_size": 0.0, "dropout": 0.0, "l2_reg": 0.05, "lr": 0.001102923137877446, "num_layers": 6.0, "num_units": 441.61761994930595, "optimizer": 3.0}, "datetime": {"datetime": "2020-08-11 23:31:35", "elapsed": 51415.571042, "delta": 1276.089359}}
{"target": 0.519323743378148, "params": {"batch_size": 0.0, "dropout": 0.0, "l2_reg": 0.05, "lr": 0.01, "num_layers": 3.8638524369782656, "num_units": 441.3266398329342, "optimizer": 0.5257583942309026}, "datetime": {"datetime": "2020-08-11 23:50:00", "elapsed": 52520.574715, "delta": 1105.003673}}
{"target": 0.29347641364754457, "params": {"batch_size": 0.0, "dropout": 0.0, "l2_reg": 0.0, "lr": 0.001, "num_layers": 6.0, "num_units": 100.50872376578758, "optimizer": 3.0}, "datetime": {"datetime": "2020-08-12 00:07:06", "elapsed": 53546.579911, "delta": 1026.005196}}
{"target": 0.8669099811751275, "params": {"batch_size": 2.9120565004224273, "dropout": 0.044288927014569615, "l2_reg": 0.02274709455455047, "lr": 0.008454885630321167, "num_layers": 5.693303924039142, "num_units": 435.0727547768623, "optimizer": 2.9753895813381117}, "datetime": {"datetime": "2020-08-12 00:18:02", "elapsed": 54202.735531, "delta": 656.15562}}
{"target": 0.3052371570330765, "params": {"batch_size": 3.0, "dropout": 0.4, "l2_reg": 0.0, "lr": 0.008675930689925747, "num_layers": 6.0, "num_units": 135.05344120288808, "optimizer": 0.0}, "datetime": {"datetime": "2020-08-12 00:25:13", "elapsed": 54634.002004, "delta": 431.266473}}
{"target": 0.4479594513965444, "params": {"batch_size": 0.0, "dropout": 0.0, "l2_reg": 0.05, "lr": 0.01, "num_layers": 2.0, "num_units": 371.58914209858233, "optimizer": 0.0}, "datetime": {"datetime": "2020-08-12 00:41:45", "elapsed": 55626.304183, "delta": 992.302179}}
{"target": 0.6720700688145657, "params": {"batch_size": 2.6848875621045973, "dropout": 0.1390411104369562, "l2_reg": 0.007082142160325645, "lr": 0.009906133809847364, "num_layers": 5.519262133078348, "num_units": 441.27659314814576, "optimizer": 2.9192460318441444}, "datetime": {"datetime": "2020-08-12 00:52:47", "elapsed": 56287.588712, "delta": 661.284529}}
{"target": 0.4795696983500628, "params": {"batch_size": 2.988720508695917, "dropout": 0.1238473577384597, "l2_reg": 0.00675565315016804, "lr": 0.007062354716975999, "num_layers": 5.97333339850981, "num_units": 239.55063999303184, "optimizer": 2.703451433367813}, "datetime": {"datetime": "2020-08-12 01:00:20", "elapsed": 56740.698977, "delta": 453.110265}}
{"target": 0.2540510263935734, "params": {"batch_size": 3.0, "dropout": 0.4, "l2_reg": 0.0, "lr": 0.001, "num_layers": 6.0, "num_units": 162.01892444238018, "optimizer": 0.0}, "datetime": {"datetime": "2020-08-12 01:07:49", "elapsed": 57189.891897, "delta": 449.19292}}
{"target": 1.3002776393108417, "params": {"batch_size": 0.0, "dropout": 0.0, "l2_reg": 0.0, "lr": 0.01, "num_layers": 6.0, "num_units": 222.34292941172595, "optimizer": 0.0}, "datetime": {"datetime": "2020-08-12 01:27:42", "elapsed": 58382.815379, "delta": 1192.923482}}
{"target": 0.8468822597506604, "params": {"batch_size": 0.33460583405736566, "dropout": 0.2977435734194127, "l2_reg": 0.01810118334867877, "lr": 0.00850229211410548, "num_layers": 5.969195812016951, "num_units": 220.98249893950157, "optimizer": 2.13928769018486}, "datetime": {"datetime": "2020-08-12 01:48:05", "elapsed": 59605.932487, "delta": 1223.117108}}
{"target": 0.4953482197391282, "params": {"batch_size": 1.5806866858459334, "dropout": 0.021447652621357085, "l2_reg": 0.041380400783843696, "lr": 0.006786708632248666, "num_layers": 5.280427042712105, "num_units": 223.74025375298945, "optimizer": 0.5081732324418203}, "datetime": {"datetime": "2020-08-12 02:00:24", "elapsed": 60345.001978, "delta": 739.069491}}
{"target": 0.5482647998830451, "params": {"batch_size": 0.022550411219455002, "dropout": 0.12213568140611, "l2_reg": 0.04958475756222063, "lr": 0.009521622465062142, "num_layers": 4.315525321314406, "num_units": 220.79544950449662, "optimizer": 0.5112652131318156}, "datetime": {"datetime": "2020-08-12 02:20:52", "elapsed": 61572.559865, "delta": 1227.557887}}
{"target": 0.2420951129090886, "params": {"batch_size": 0.0, "dropout": 0.0, "l2_reg": 0.0, "lr": 0.01, "num_layers": 2.0, "num_units": 38.583316898397655, "optimizer": 0.0}, "datetime": {"datetime": "2020-08-12 02:37:03", "elapsed": 62544.289514, "delta": 971.729649}}
{"target": 0.7889180811474622, "params": {"batch_size": 0.0, "dropout": 0.0, "l2_reg": 0.05, "lr": 0.001, "num_layers": 6.0, "num_units": 176.290530870928, "optimizer": 3.0}, "datetime": {"datetime": "2020-08-12 02:55:21", "elapsed": 63642.339323, "delta": 1098.049809}}
{"target": 0.5813432024165847, "params": {"batch_size": 0.27312185545225487, "dropout": 0.2894115926930892, "l2_reg": 0.048531628347175844, "lr": 0.005359061221058026, "num_layers": 5.541185228555959, "num_units": 173.36301201989508, "optimizer": 0.4077429045797747}, "datetime": {"datetime": "2020-08-12 03:17:21", "elapsed": 64962.144975, "delta": 1319.805652}}
{"target": 0.2283245736725894, "params": {"batch_size": 2.8826587629488345, "dropout": 0.0, "l2_reg": 0.0, "lr": 0.001, "num_layers": 6.0, "num_units": 220.50407775212213, "optimizer": 0.0}, "datetime": {"datetime": "2020-08-12 03:24:36", "elapsed": 65396.521556, "delta": 434.376581}}
{"target": 0.5649102447659092, "params": {"batch_size": 0.1900080562375015, "dropout": 0.08931549906637018, "l2_reg": 0.04323547159698092, "lr": 0.004316846164152005, "num_layers": 2.4591989542194588, "num_units": 177.35167177171724, "optimizer": 2.1751245116598876}, "datetime": {"datetime": "2020-08-12 03:41:26", "elapsed": 66406.857123, "delta": 1010.335567}}
{"target": 0.3424148876474605, "params": {"batch_size": 0.0, "dropout": 0.4, "l2_reg": 0.0, "lr": 0.001, "num_layers": 6.0, "num_units": 296.3171013744228, "optimizer": 3.0}, "datetime": {"datetime": "2020-08-12 04:01:39", "elapsed": 67619.602164, "delta": 1212.745041}}
{"target": 0.46178249397141863, "params": {"batch_size": 2.8221492744682135, "dropout": 0.19162288320164694, "l2_reg": 0.011701479281889193, "lr": 0.005381315873809972, "num_layers": 5.384797369913784, "num_units": 381.0481823208244, "optimizer": 0.44882755464921953}, "datetime": {"datetime": "2020-08-12 04:11:19", "elapsed": 68200.368772, "delta": 580.766608}}
{"target": 0.31525107646720135, "params": {"batch_size": 0.6271162396455728, "dropout": 0.0032962670593728485, "l2_reg": 0.005183968079471585, "lr": 0.0011197424353291934, "num_layers": 2.185334457500011, "num_units": 145.75101948075311, "optimizer": 2.405748241302804}, "datetime": {"datetime": "2020-08-12 04:28:19", "elapsed": 69219.527599, "delta": 1019.158827}}
{"target": 0.3775568856401456, "params": {"batch_size": 3.0, "dropout": 0.0, "l2_reg": 0.05, "lr": 0.001, "num_layers": 2.0, "num_units": 269.2252521663323, "optimizer": 0.0}, "datetime": {"datetime": "2020-08-12 04:33:51", "elapsed": 69552.430249, "delta": 332.90265}}
{"target": 0.7714884961256194, "params": {"batch_size": 2.6470248467586153, "dropout": 0.15354225838952784, "l2_reg": 0.03467684791660317, "lr": 0.008103083674575903, "num_layers": 5.924184802599932, "num_units": 78.88269644511462, "optimizer": 2.944610775109412}, "datetime": {"datetime": "2020-08-12 04:40:29", "elapsed": 69949.869742, "delta": 397.439493}}
{"target": 0.6745538390859547, "params": {"batch_size": 0.6661465534158089, "dropout": 0.4, "l2_reg": 0.05, "lr": 0.01, "num_layers": 6.0, "num_units": 82.24385831384862, "optimizer": 3.0}, "datetime": {"datetime": "2020-08-12 05:01:16", "elapsed": 71196.592883, "delta": 1246.723141}}
{"target": 0.8076099986008255, "params": {"batch_size": 0.0, "dropout": 0.0, "l2_reg": 0.05, "lr": 0.001, "num_layers": 6.0, "num_units": 91.63424711682899, "optimizer": 3.0}, "datetime": {"datetime": "2020-08-12 05:19:38", "elapsed": 72299.159287, "delta": 1102.566404}}
{"target": 0.30053355960503875, "params": {"batch_size": 3.0, "dropout": 0.4, "l2_reg": 0.0, "lr": 0.01, "num_layers": 6.0, "num_units": 91.95335024970083, "optimizer": 0.9077496454497758}, "datetime": {"datetime": "2020-08-12 05:26:39", "elapsed": 72720.302771, "delta": 421.143484}}
{"target": 0.24904049076315765, "params": {"batch_size": 0.0, "dropout": 0.0, "l2_reg": 0.0, "lr": 0.001, "num_layers": 6.0, "num_units": 432.425655858857, "optimizer": 3.0}, "datetime": {"datetime": "2020-08-12 05:46:21", "elapsed": 73902.304688, "delta": 1182.001917}}
{"target": 0.27067133451558184, "params": {"batch_size": 0.0, "dropout": 0.4, "l2_reg": 0.0, "lr": 0.01, "num_layers": 2.0, "num_units": 112.4804938096763, "optimizer": 0.0}, "datetime": {"datetime": "2020-08-12 06:03:39", "elapsed": 74940.390567, "delta": 1038.085879}}
{"target": 0.48573258418189463, "params": {"batch_size": 3.0, "dropout": 0.0, "l2_reg": 0.05, "lr": 0.01, "num_layers": 2.8130584602680964, "num_units": 81.75217993973862, "optimizer": 3.0}, "datetime": {"datetime": "2020-08-12 06:08:52", "elapsed": 75252.949068, "delta": 312.558501}}
{"target": 0.6982601824615936, "params": {"batch_size": 0.0, "dropout": 0.0, "l2_reg": 0.05, "lr": 0.001, "num_layers": 2.0, "num_units": 30.0, "optimizer": 3.0}, "datetime": {"datetime": "2020-08-12 06:23:55", "elapsed": 76155.792419, "delta": 902.843351}}
{"target": 0.4193134475422414, "params": {"batch_size": 0.06776295511189312, "dropout": 0.1609189093798401, "l2_reg": 0.009851894565961873, "lr": 0.006134810509764732, "num_layers": 2.121216061752945, "num_units": 92.64530972417049, "optimizer": 2.380668653140675}, "datetime": {"datetime": "2020-08-12 06:40:57", "elapsed": 77178.34547, "delta": 1022.553051}}
{"target": 0.6133874456807364, "params": {"batch_size": 0.2062662626530305, "dropout": 0.2646771069211999, "l2_reg": 0.019389022966799174, "lr": 0.004769893592531046, "num_layers": 5.7282865107840415, "num_units": 76.07793855717757, "optimizer": 2.53558957317139}, "datetime": {"datetime": "2020-08-12 07:01:31", "elapsed": 78411.588088, "delta": 1233.242618}}
{"target": 0.4941644728253401, "params": {"batch_size": 3.0, "dropout": 0.4, "l2_reg": 0.05, "lr": 0.01, "num_layers": 2.1365854016301857, "num_units": 75.76885621603665, "optimizer": 3.0}, "datetime": {"datetime": "2020-08-12 07:06:59", "elapsed": 78740.139224, "delta": 328.551136}}
{"target": 0.6032602262105292, "params": {"batch_size": 3.0, "dropout": 0.0, "l2_reg": 0.05, "lr": 0.01, "num_layers": 6.0, "num_units": 250.45230754545673, "optimizer": 0.0}, "datetime": {"datetime": "2020-08-12 07:14:45", "elapsed": 79206.002705, "delta": 465.863481}}
{"target": 0.5705188003223582, "params": {"batch_size": 0.0, "dropout": 0.0, "l2_reg": 0.05, "lr": 0.001, "num_layers": 2.0, "num_units": 286.57521190441355, "optimizer": 3.0}, "datetime": {"datetime": "2020-08-12 07:30:05", "elapsed": 80126.354747, "delta": 920.352042}}
{"target": 1.299882069652383, "params": {"batch_size": 3.0, "dropout": 0.4, "l2_reg": 0.05, "lr": 0.01, "num_layers": 6.0, "num_units": 320.61492347731036, "optimizer": 0.0}, "datetime": {"datetime": "2020-08-12 07:39:37", "elapsed": 80698.02933, "delta": 571.674583}}
{"target": 0.479516434294122, "params": {"batch_size": 2.886487318170113, "dropout": 0.33865285183625465, "l2_reg": 0.01638146922053103, "lr": 0.00672671587378812, "num_layers": 5.98004148474371, "num_units": 323.1408022506924, "optimizer": 0.4608916455015638}, "datetime": {"datetime": "2020-08-12 07:48:43", "elapsed": 81243.736087, "delta": 545.706757}}
{"target": 0.5324695555194293, "params": {"batch_size": 2.4834589980517388, "dropout": 0.21005422043223654, "l2_reg": 0.03750997121950112, "lr": 0.0092506754570604, "num_layers": 3.99981418694451, "num_units": 319.0566065338604, "optimizer": 0.07409790565233687}, "datetime": {"datetime": "2020-08-12 07:55:24", "elapsed": 81645.144562, "delta": 401.408475}}
{"target": 1.605205379881758, "params": {"batch_size": 0.9713128341631462, "dropout": 0.2801456374750034, "l2_reg": 0.032750814932232725, "lr": 0.009460718366646966, "num_layers": 5.7277687896219245, "num_units": 320.33167127261225, "optimizer": 2.3372016579924333}, "datetime": {"datetime": "2020-08-12 08:15:53", "elapsed": 82874.20455, "delta": 1229.059988}}
{"target": 0.8803184830571116, "params": {"batch_size": 2.4777863683101424, "dropout": 0.34817805362432175, "l2_reg": 0.047498770798263784, "lr": 0.0022899316826781755, "num_layers": 5.8417145579552905, "num_units": 319.07750596538693, "optimizer": 2.6011271782354726}, "datetime": {"datetime": "2020-08-12 08:24:20", "elapsed": 83380.480784, "delta": 506.276234}}
{"target": 0.5407315729756846, "params": {"batch_size": 0.6054456625019712, "dropout": 0.3612413068727992, "l2_reg": 0.02349886871945847, "lr": 0.005626660262930352, "num_layers": 5.8717295179305244, "num_units": 320.08015332060165, "optimizer": 0.9096955297163781}, "datetime": {"datetime": "2020-08-12 08:46:19", "elapsed": 84700.158185, "delta": 1319.677401}}
{"target": 0.36382614913827876, "params": {"batch_size": 0.3672400885517144, "dropout": 0.21316534631041104, "l2_reg": 0.0028498233535142973, "lr": 0.0011791762561739656, "num_layers": 3.5951462802764205, "num_units": 320.79184610817526, "optimizer": 2.7615307488425787}, "datetime": {"datetime": "2020-08-12 09:04:38", "elapsed": 85799.38209, "delta": 1099.223905}}
{"target": 0.6242333792184398, "params": {"batch_size": 0.29429270243193406, "dropout": 0.044602312409506295, "l2_reg": 0.009020392731154602, "lr": 0.009044575929434497, "num_layers": 5.702041095138253, "num_units": 322.09660480175376, "optimizer": 2.5852925971479213}, "datetime": {"datetime": "2020-08-12 09:25:34", "elapsed": 87055.200782, "delta": 1255.818692}}
{"target": 1.4535892447018095, "params": {"batch_size": 2.741024071947707, "dropout": 0.1730581810929168, "l2_reg": 0.024627736245259185, "lr": 0.007747249689776587, "num_layers": 5.53186448552707, "num_units": 320.85098891055634, "optimizer": 2.3221360772713115}, "datetime": {"datetime": "2020-08-12 09:33:53", "elapsed": 87554.165064, "delta": 498.964282}}
{"target": 0.33026983875175037, "params": {"batch_size": 3.0, "dropout": 0.0, "l2_reg": 0.0, "lr": 0.001, "num_layers": 6.0, "num_units": 47.09829353832785, "optimizer": 3.0}, "datetime": {"datetime": "2020-08-12 09:39:46", "elapsed": 87906.549896, "delta": 352.384832}}
{"target": 0.8367401043398898, "params": {"batch_size": 3.0, "dropout": 0.4, "l2_reg": 0.05, "lr": 0.001, "num_layers": 6.0, "num_units": 187.0176729794834, "optimizer": 3.0}, "datetime": {"datetime": "2020-08-12 09:46:56", "elapsed": 88336.912814, "delta": 430.362918}}
{"target": 0.341768724200411, "params": {"batch_size": 3.0, "dropout": 0.4, "l2_reg": 0.0, "lr": 0.001, "num_layers": 2.4926137104832136, "num_units": 188.85419080249915, "optimizer": 3.0}, "datetime": {"datetime": "2020-08-12 09:52:20", "elapsed": 88661.081975, "delta": 324.169161}}
{"target": 1.3680258082423316, "params": {"batch_size": 1.6885576508477442, "dropout": 0.22713229874414687, "l2_reg": 0.0201970537786669, "lr": 0.009876754771323434, "num_layers": 5.605817410137131, "num_units": 183.15472454414734, "optimizer": 2.8828455883266857}, "datetime": {"datetime": "2020-08-12 10:03:40", "elapsed": 89341.18865, "delta": 680.106675}}
