{"target": 0.6052950935472483, "params": {"batch_size": 0.6959370040821617, "dropout": 0.09585524716781149, "l2_reg": 0.021497886410432, "lr": 0.008303223871930429, "num_layers": 2.3090722881870183, "num_units": 410.0943360492672, "optimizer": 2.7681688828667204}, "datetime": {"datetime": "2020-08-11 09:14:39", "elapsed": 0.0, "delta": 0.0}}
{"target": 0.4581173260484683, "params": {"batch_size": 2.595800638513628, "dropout": 0.09945259167194208, "l2_reg": 0.016443594745610635, "lr": 0.00838126794212513, "num_layers": 5.888955076336476, "num_units": 394.45629354772797, "optimizer": 0.15706802371642903}, "datetime": {"datetime": "2020-08-11 09:25:25", "elapsed": 645.924283, "delta": 645.924283}}
{"target": 0.4190235607782108, "params": {"batch_size": 0.1696295709413339, "dropout": 0.1747118220366473, "l2_reg": 0.024724071375178777, "lr": 0.002915212734649309, "num_layers": 2.2889318838199832, "num_units": 377.6818348077934, "optimizer": 1.6442004971229536}, "datetime": {"datetime": "2020-08-11 09:41:32", "elapsed": 1613.134741, "delta": 967.210458}}
{"target": 0.5658770600832128, "params": {"batch_size": 2.0330751284972237, "dropout": 0.39668213683697623, "l2_reg": 0.022375330790123132, "lr": 0.001984153792342444, "num_layers": 5.592535431998808, "num_units": 283.6405927259516, "optimizer": 2.723646975576324}, "datetime": {"datetime": "2020-08-11 09:49:37", "elapsed": 2098.17418, "delta": 485.039439}}
{"target": 0.5224520216675829, "params": {"batch_size": 0.13952465853549345, "dropout": 0.10308208612636652, "l2_reg": 0.04779964750684985, "lr": 0.0024001955653852273, "num_layers": 3.3334818408903684, "num_units": 132.28405112485603, "optimizer": 2.8288508109930506}, "datetime": {"datetime": "2020-08-11 10:07:29", "elapsed": 3169.92049, "delta": 1071.74631}}
{"target": 0.3913126180578262, "params": {"batch_size": 2.691758853525193, "dropout": 0.27725927770935477, "l2_reg": 0.00754991845588538, "lr": 0.0030955640274683096, "num_layers": 5.608631299770381, "num_units": 149.20339455641536, "optimizer": 0.32526075355067974}, "datetime": {"datetime": "2020-08-11 10:14:34", "elapsed": 3595.127488, "delta": 425.206998}}
{"target": 0.4854703408413866, "params": {"batch_size": 2.863694109967275, "dropout": 0.12057325381568602, "l2_reg": 0.011244766768867027, "lr": 0.006044481593957994, "num_layers": 5.719309047622753, "num_units": 300.58325918832463, "optimizer": 0.03248823266969825}, "datetime": {"datetime": "2020-08-11 10:22:59", "elapsed": 4099.667213, "delta": 504.539725}}
{"target": 0.7595861444290131, "params": {"batch_size": 0.4076784944093045, "dropout": 0.009452500950698184, "l2_reg": 0.014911497413310233, "lr": 0.0012056445157596486, "num_layers": 5.889989514327331, "num_units": 361.44342536001756, "optimizer": 2.3344333586816246}, "datetime": {"datetime": "2020-08-11 10:44:02", "elapsed": 5362.821303, "delta": 1263.15409}}
{"target": 0.6131579150207448, "params": {"batch_size": 2.5897608799183036, "dropout": 0.17126352648322285, "l2_reg": 0.04155403693616877, "lr": 0.00277523677585488, "num_layers": 4.052584462719879, "num_units": 361.93582024840197, "optimizer": 0.6621049989359226}, "datetime": {"datetime": "2020-08-11 10:52:14", "elapsed": 5855.453713, "delta": 492.63241}}
{"target": 0.8025483365979742, "params": {"batch_size": 2.1897607306110665, "dropout": 0.4, "l2_reg": 0.049269581640024374, "lr": 0.001, "num_layers": 6.0, "num_units": 358.71595186203473, "optimizer": 3.0}, "datetime": {"datetime": "2020-08-11 11:02:16", "elapsed": 6457.304823, "delta": 601.85111}}
{"target": 0.6222549113467243, "params": {"batch_size": 0.5508913947667606, "dropout": 0.020404406470179427, "l2_reg": 0.04830291759059849, "lr": 0.009387623564752243, "num_layers": 4.096039712476582, "num_units": 359.0661476560798, "optimizer": 0.9181505337284539}, "datetime": {"datetime": "2020-08-11 11:22:55", "elapsed": 7696.292838, "delta": 1238.988015}}
{"target": 0.7486556034242249, "params": {"batch_size": 2.4543108960383226, "dropout": 0.08885857836659078, "l2_reg": 0.03215240108625396, "lr": 0.0068994137719210705, "num_layers": 4.110817221673273, "num_units": 356.286124924816, "optimizer": 2.8259771335920427}, "datetime": {"datetime": "2020-08-11 11:30:50", "elapsed": 8170.590401, "delta": 474.297563}}
{"target": 0.4414820988276793, "params": {"batch_size": 2.0068060185539185, "dropout": 0.15967476115324553, "l2_reg": 0.012145287165151609, "lr": 0.004816337845102622, "num_layers": 2.2447203133396023, "num_units": 358.9656389840649, "optimizer": 2.995820924559607}, "datetime": {"datetime": "2020-08-11 11:36:41", "elapsed": 8522.063986, "delta": 351.473585}}
{"target": 0.6248551378172752, "params": {"batch_size": 0.25852266090370635, "dropout": 0.327841014311184, "l2_reg": 0.028809140088406595, "lr": 0.0027217036478449945, "num_layers": 5.97114578263095, "num_units": 355.41816277515477, "optimizer": 2.533779646901685}, "datetime": {"datetime": "2020-08-11 11:57:40", "elapsed": 9781.125063, "delta": 1259.061077}}
{"target": 0.5583263921472996, "params": {"batch_size": 0.6227040813337393, "dropout": 0.26112773990502003, "l2_reg": 0.041406971204260956, "lr": 0.00274580183237694, "num_layers": 5.801270229057438, "num_units": 364.4941881109711, "optimizer": 0.3255999219812906}, "datetime": {"datetime": "2020-08-11 12:19:43", "elapsed": 11104.226286, "delta": 1323.101223}}
{"target": 1.1219368464334687, "params": {"batch_size": 3.0, "dropout": 0.4, "l2_reg": 0.05, "lr": 0.001, "num_layers": 5.817271037082637, "num_units": 55.433541629130076, "optimizer": 3.0}, "datetime": {"datetime": "2020-08-11 12:26:07", "elapsed": 11487.783176, "delta": 383.55689}}
{"target": 0.6377197080690844, "params": {"batch_size": 1.5213637853668338, "dropout": 0.3629695894884468, "l2_reg": 0.04021444460654159, "lr": 0.003112337876813822, "num_layers": 4.4512040320204385, "num_units": 55.44218026523913, "optimizer": 1.5997140659520621}, "datetime": {"datetime": "2020-08-11 12:36:21", "elapsed": 12101.491846, "delta": 613.70867}}
{"target": 0.553051397070579, "params": {"batch_size": 2.0917455728084033, "dropout": 0.29146955183603457, "l2_reg": 0.03255173510642946, "lr": 0.0014674983554420235, "num_layers": 5.726665997851425, "num_units": 53.21041877650356, "optimizer": 2.9178813891105544}, "datetime": {"datetime": "2020-08-11 12:42:50", "elapsed": 12491.393965, "delta": 389.902119}}
{"target": 0.4730303387716657, "params": {"batch_size": 2.7558618093673286, "dropout": 0.058130594732732147, "l2_reg": 0.0044607775781499714, "lr": 0.005695209571321759, "num_layers": 5.796538652097414, "num_units": 58.4185883774649, "optimizer": 2.320518689398482}, "datetime": {"datetime": "2020-08-11 12:49:26", "elapsed": 12886.910342, "delta": 395.516377}}
{"target": 0.47104013305298337, "params": {"batch_size": 2.7972293555769805, "dropout": 0.3539509230820301, "l2_reg": 0.014653235674378174, "lr": 0.0019714371145225043, "num_layers": 5.983505364094478, "num_units": 358.0579741596879, "optimizer": 0.1182069150617715}, "datetime": {"datetime": "2020-08-11 12:58:48", "elapsed": 13448.640231, "delta": 561.729889}}
{"target": 0.3165084515929616, "params": {"batch_size": 0.0, "dropout": 0.4, "l2_reg": 0.0, "lr": 0.001, "num_layers": 2.6958203415096857, "num_units": 363.5717685406068, "optimizer": 3.0}, "datetime": {"datetime": "2020-08-11 13:14:42", "elapsed": 14403.104585, "delta": 954.464354}}
{"target": 0.5171441874124794, "params": {"batch_size": 2.990853532151175, "dropout": 0.1592780190787768, "l2_reg": 0.0371528206942267, "lr": 0.005714394661484551, "num_layers": 2.439536440479242, "num_units": 57.0797058647823, "optimizer": 2.849128988544482}, "datetime": {"datetime": "2020-08-11 13:20:13", "elapsed": 14733.584158, "delta": 330.479573}}
{"target": 0.615016758420346, "params": {"batch_size": 0.3507386366560602, "dropout": 0.24573605301223533, "l2_reg": 0.020382113142082787, "lr": 0.0065329941776682285, "num_layers": 5.718986867741311, "num_units": 96.0553915079984, "optimizer": 2.5905567831107437}, "datetime": {"datetime": "2020-08-11 13:40:39", "elapsed": 15960.040641, "delta": 1226.456483}}
{"target": 0.42202082344626896, "params": {"batch_size": 2.9456676058712765, "dropout": 0.34221091467489756, "l2_reg": 0.022020913458473675, "lr": 0.004951004338853385, "num_layers": 3.067926711433131, "num_units": 95.64236179530893, "optimizer": 0.13830309153158815}, "datetime": {"datetime": "2020-08-11 13:46:53", "elapsed": 16333.652401, "delta": 373.61176}}
{"target": 0.4720540074605484, "params": {"batch_size": 2.1288380771343403, "dropout": 0.23237686127654522, "l2_reg": 0.009511849303360376, "lr": 0.004761676615134458, "num_layers": 5.39456380786614, "num_units": 41.68842898011319, "optimizer": 2.7342471563595994}, "datetime": {"datetime": "2020-08-11 13:53:21", "elapsed": 16721.549182, "delta": 387.896781}}
{"target": 0.2322993393889405, "params": {"batch_size": 0.0, "dropout": 0.0, "l2_reg": 0.0, "lr": 0.001, "num_layers": 2.0, "num_units": 79.45471565884912, "optimizer": 0.0}, "datetime": {"datetime": "2020-08-11 14:09:23", "elapsed": 17684.122847, "delta": 962.573665}}
{"target": 0.5660651099723816, "params": {"batch_size": 2.469119910663945, "dropout": 0.010550902243448857, "l2_reg": 0.029836119452415356, "lr": 0.003683002871446257, "num_layers": 5.234882238200578, "num_units": 352.30981347050283, "optimizer": 2.980752885200009}, "datetime": {"datetime": "2020-08-11 14:18:18", "elapsed": 18219.374342, "delta": 535.251495}}
{"target": 0.36843610415012085, "params": {"batch_size": 0.383770230299487, "dropout": 0.07150230033913134, "l2_reg": 0.0006463978710125163, "lr": 0.0031183563189149314, "num_layers": 5.80226096828024, "num_units": 266.75207752022277, "optimizer": 2.4607514225035807}, "datetime": {"datetime": "2020-08-11 14:38:50", "elapsed": 19451.259417, "delta": 1231.885075}}
{"target": 0.6930326231382415, "params": {"batch_size": 1.13274038634737, "dropout": 0.4, "l2_reg": 0.05, "lr": 0.006735543872560865, "num_layers": 6.0, "num_units": 253.16212938826644, "optimizer": 3.0}, "datetime": {"datetime": "2020-08-11 14:51:02", "elapsed": 20183.094965, "delta": 731.835548}}
{"target": 0.3640203470927104, "params": {"batch_size": 1.6333913755863017, "dropout": 0.14772675749661687, "l2_reg": 0.0072566544016222315, "lr": 0.0012759106841337977, "num_layers": 2.4949825489639568, "num_units": 251.66772343137444, "optimizer": 2.5882191239059136}, "datetime": {"datetime": "2020-08-11 15:00:25", "elapsed": 20746.075175, "delta": 562.98021}}
{"target": 0.6043290034467921, "params": {"batch_size": 0.968714557734583, "dropout": 0.17492599170866133, "l2_reg": 0.022567219618651366, "lr": 0.008682897045498237, "num_layers": 5.958300055580832, "num_units": 256.02558979884793, "optimizer": 0.18397237734742844}, "datetime": {"datetime": "2020-08-11 15:21:53", "elapsed": 22034.136789, "delta": 1288.061614}}
{"target": 0.3493192534880106, "params": {"batch_size": 0.003523238225852543, "dropout": 0.13230133032408853, "l2_reg": 0.011263917038149735, "lr": 0.0083641146008171, "num_layers": 2.0504436152858876, "num_units": 184.9691563636142, "optimizer": 1.112300017797056}, "datetime": {"datetime": "2020-08-11 15:38:10", "elapsed": 23010.54807, "delta": 976.411281}}
{"target": 0.2359709806689198, "params": {"batch_size": 3.0, "dropout": 0.0, "l2_reg": 0.0, "lr": 0.01, "num_layers": 2.0, "num_units": 281.0386904557302, "optimizer": 0.0}, "datetime": {"datetime": "2020-08-11 15:43:39", "elapsed": 23340.083908, "delta": 329.535838}}
{"target": 0.5775542503725136, "params": {"batch_size": 3.0, "dropout": 0.15811201814177955, "l2_reg": 0.04295227892264877, "lr": 0.006738533928581386, "num_layers": 6.0, "num_units": 442.31807160148344, "optimizer": 0.0}, "datetime": {"datetime": "2020-08-11 15:56:32", "elapsed": 24112.986492, "delta": 772.902584}}
{"target": 0.4910456666731987, "params": {"batch_size": 2.892953429670684, "dropout": 0.30929317842091647, "l2_reg": 0.013503452542209955, "lr": 0.006421944237167248, "num_layers": 2.2904975275868527, "num_units": 173.57872734023857, "optimizer": 2.9527592124682465}, "datetime": {"datetime": "2020-08-11 16:02:03", "elapsed": 24444.405993, "delta": 331.419501}}
{"target": 0.4397456199484389, "params": {"batch_size": 2.6198349719915974, "dropout": 0.09965298245055272, "l2_reg": 0.02076731382591256, "lr": 0.004301551845865118, "num_layers": 2.338373004806491, "num_units": 118.17568287526258, "optimizer": 1.3684498173138988}, "datetime": {"datetime": "2020-08-11 16:07:35", "elapsed": 24775.906349, "delta": 331.500356}}
{"target": 0.2519299922906735, "params": {"batch_size": 3.0, "dropout": 0.4, "l2_reg": 0.0, "lr": 0.01, "num_layers": 2.0, "num_units": 197.1930269590062, "optimizer": 3.0}, "datetime": {"datetime": "2020-08-11 16:13:00", "elapsed": 25100.490788, "delta": 324.584439}}
{"target": 0.2363812722118703, "params": {"batch_size": 0.0, "dropout": 0.0, "l2_reg": 0.0, "lr": 0.01, "num_layers": 6.0, "num_units": 108.19412198026518, "optimizer": 3.0}, "datetime": {"datetime": "2020-08-11 16:30:00", "elapsed": 26120.898025, "delta": 1020.407237}}
{"target": 0.714913330814521, "params": {"batch_size": 2.190451687154569, "dropout": 0.25433804865139215, "l2_reg": 0.027493465022602987, "lr": 0.007797234736898332, "num_layers": 5.854667534150569, "num_units": 347.214087758293, "optimizer": 0.787321510425502}, "datetime": {"datetime": "2020-08-11 16:39:16", "elapsed": 26676.839432, "delta": 555.941407}}
{"target": 0.294771032262314, "params": {"batch_size": 1.896826074908076, "dropout": 0.03044525377735008, "l2_reg": 0.0036176423484603594, "lr": 0.0018735302202881362, "num_layers": 2.292245768707753, "num_units": 346.51919514616054, "optimizer": 0.41579976100974425}, "datetime": {"datetime": "2020-08-11 16:49:13", "elapsed": 27274.347395, "delta": 597.507963}}
{"target": 0.7936030017373257, "params": {"batch_size": 3.0, "dropout": 0.4, "l2_reg": 0.05, "lr": 0.001, "num_layers": 6.0, "num_units": 407.86939580432085, "optimizer": 3.0}, "datetime": {"datetime": "2020-08-11 17:01:06", "elapsed": 27986.573375, "delta": 712.22598}}
{"target": 0.5850606503978855, "params": {"batch_size": 0.48711104057878984, "dropout": 0.11532826967741948, "l2_reg": 0.046874435372668645, "lr": 0.00846284769709475, "num_layers": 5.956287902406988, "num_units": 408.03356385098624, "optimizer": 0.6004379059726829}, "datetime": {"datetime": "2020-08-11 17:24:39", "elapsed": 29399.487698, "delta": 1412.914323}}
{"target": 0.6244432866620031, "params": {"batch_size": 3.0, "dropout": 0.4, "l2_reg": 0.05, "lr": 0.001, "num_layers": 2.9916243049021247, "num_units": 406.50530737929415, "optimizer": 3.0}, "datetime": {"datetime": "2020-08-11 17:30:43", "elapsed": 29763.944564, "delta": 364.456866}}
{"target": 0.42514431967741023, "params": {"batch_size": 2.8462042451617897, "dropout": 0.2576009164841998, "l2_reg": 0.0061125688030099715, "lr": 0.0031901898714986536, "num_layers": 5.977191292115563, "num_units": 403.77424102305355, "optimizer": 0.9967752255334156}, "datetime": {"datetime": "2020-08-11 17:41:34", "elapsed": 30414.896564, "delta": 650.952}}
{"target": 0.26741718626634897, "params": {"batch_size": 0.0, "dropout": 0.4, "l2_reg": 0.0, "lr": 0.01, "num_layers": 6.0, "num_units": 495.5464050772109, "optimizer": 3.0}, "datetime": {"datetime": "2020-08-11 18:04:55", "elapsed": 31815.795573, "delta": 1400.899009}}
{"target": 1.2995943112677428, "params": {"batch_size": 0.0, "dropout": 0.4, "l2_reg": 0.0, "lr": 0.01, "num_layers": 6.0, "num_units": 470.7818821039481, "optimizer": 0.0}, "datetime": {"datetime": "2020-08-11 18:30:03", "elapsed": 33323.510716, "delta": 1507.715143}}
{"target": 0.5649215518298593, "params": {"batch_size": 1.6563153777847819, "dropout": 0.09307800861714957, "l2_reg": 0.041902140882252775, "lr": 0.009609024464098212, "num_layers": 5.6595346106888975, "num_units": 470.2605128451979, "optimizer": 1.3853876088662411}, "datetime": {"datetime": "2020-08-11 18:44:43", "elapsed": 34204.156656, "delta": 880.64594}}
{"target": 0.5630520240612283, "params": {"batch_size": 0.08841229063102618, "dropout": 0.05830877171436169, "l2_reg": 0.031187740995328478, "lr": 0.008637182723610123, "num_layers": 5.946157481000412, "num_units": 473.2815620895951, "optimizer": 0.6820178910874594}, "datetime": {"datetime": "2020-08-11 19:08:52", "elapsed": 35653.47645, "delta": 1449.319794}}
{"target": 0.4097188166253819, "params": {"batch_size": 0.5144815964677482, "dropout": 0.017423954314870562, "l2_reg": 0.027585843990479083, "lr": 0.005836287028679394, "num_layers": 2.9282344123522264, "num_units": 470.623553047853, "optimizer": 0.27132913743320564}, "datetime": {"datetime": "2020-08-11 19:27:03", "elapsed": 36743.824091, "delta": 1090.347641}}
{"target": 0.4805777227838964, "params": {"batch_size": 0.2189684510181915, "dropout": 0.050788761261412185, "l2_reg": 0.0180059543452416, "lr": 0.007860684920790869, "num_layers": 5.917756296465511, "num_units": 467.1658869687781, "optimizer": 0.794379242409443}, "datetime": {"datetime": "2020-08-11 19:51:00", "elapsed": 38181.346027, "delta": 1437.521936}}
{"target": 0.4431570597007936, "params": {"batch_size": 3.0, "dropout": 0.0, "l2_reg": 0.0393913459152924, "lr": 0.01, "num_layers": 2.0, "num_units": 484.1529363702659, "optimizer": 3.0}, "datetime": {"datetime": "2020-08-11 19:56:53", "elapsed": 38533.901166, "delta": 352.555139}}
{"target": 0.7636766698864146, "params": {"batch_size": 0.0, "dropout": 0.4, "l2_reg": 0.05, "lr": 0.001, "num_layers": 6.0, "num_units": 348.8193464811993, "optimizer": 3.0}, "datetime": {"datetime": "2020-08-11 20:18:14", "elapsed": 39814.983385, "delta": 1281.082219}}
{"target": 0.2957422074210374, "params": {"batch_size": 3.0, "dropout": 0.0, "l2_reg": 0.0, "lr": 0.001, "num_layers": 2.0, "num_units": 455.7226879821128, "optimizer": 3.0}, "datetime": {"datetime": "2020-08-11 20:23:53", "elapsed": 40153.917177, "delta": 338.933792}}
{"target": 0.5696130600003265, "params": {"batch_size": 0.0, "dropout": 0.4, "l2_reg": 0.05, "lr": 0.001, "num_layers": 2.0, "num_units": 396.82909311333015, "optimizer": 3.0}, "datetime": {"datetime": "2020-08-11 20:40:23", "elapsed": 41144.237377, "delta": 990.3202}}
{"target": 0.4072222093063618, "params": {"batch_size": 0.5325895248072691, "dropout": 0.29552760589946153, "l2_reg": 0.03685257782616324, "lr": 0.0012912481186400108, "num_layers": 2.39577981265664, "num_units": 391.09228984183517, "optimizer": 2.757605786061805}, "datetime": {"datetime": "2020-08-11 20:57:19", "elapsed": 42160.0239, "delta": 1015.786523}}
{"target": 0.34164096726366516, "params": {"batch_size": 3.0, "dropout": 0.4, "l2_reg": 0.0, "lr": 0.001, "num_layers": 6.0, "num_units": 344.6724578183001, "optimizer": 3.0}, "datetime": {"datetime": "2020-08-11 21:06:55", "elapsed": 42735.826018, "delta": 575.802118}}
{"target": 0.5401286171521628, "params": {"batch_size": 2.9955202796209845, "dropout": 0.3314755154822919, "l2_reg": 0.04549719250013838, "lr": 0.003384593396057836, "num_layers": 5.902537761760148, "num_units": 287.87312874354245, "optimizer": 0.006452394041786436}, "datetime": {"datetime": "2020-08-11 21:15:23", "elapsed": 43244.358025, "delta": 508.532007}}
{"target": 0.42401720065535475, "params": {"batch_size": 0.0, "dropout": 0.4, "l2_reg": 0.05, "lr": 0.01, "num_layers": 2.0, "num_units": 301.93313011954393, "optimizer": 3.0}, "datetime": {"datetime": "2020-08-11 21:31:39", "elapsed": 44220.414277, "delta": 976.056252}}
{"target": 0.7726166083585772, "params": {"batch_size": 3.0, "dropout": 0.4, "l2_reg": 0.05, "lr": 0.01, "num_layers": 6.0, "num_units": 350.3617565468746, "optimizer": 0.0}, "datetime": {"datetime": "2020-08-11 21:42:07", "elapsed": 44847.708149, "delta": 627.293872}}
{"target": 0.4149286196925819, "params": {"batch_size": 0.0, "dropout": 0.4, "l2_reg": 0.05, "lr": 0.01, "num_layers": 2.0, "num_units": 424.859401174653, "optimizer": 3.0}, "datetime": {"datetime": "2020-08-11 21:58:44", "elapsed": 45844.687776, "delta": 996.979627}}
{"target": 0.4808997569113885, "params": {"batch_size": 0.07430414248848538, "dropout": 0.04736448236043059, "l2_reg": 0.0434932453515632, "lr": 0.0016647323013547753, "num_layers": 5.04754211822357, "num_units": 350.0159280172497, "optimizer": 0.28642067774119473}, "datetime": {"datetime": "2020-08-11 22:21:00", "elapsed": 47181.298494, "delta": 1336.610718}}
{"target": 0.4023051939645792, "params": {"batch_size": 2.2192625933057517, "dropout": 0.27259316623934843, "l2_reg": 0.047960673209062554, "lr": 0.0032594095764432954, "num_layers": 2.3367461790638435, "num_units": 128.66233783570743, "optimizer": 0.005794205651995954}, "datetime": {"datetime": "2020-08-11 22:26:52", "elapsed": 47532.650971, "delta": 351.352477}}
{"target": 0.9827472700957718, "params": {"batch_size": 3.0, "dropout": 0.0, "l2_reg": 0.05, "lr": 0.01, "num_layers": 6.0, "num_units": 437.98280833901833, "optimizer": 3.0}, "datetime": {"datetime": "2020-08-11 22:37:41", "elapsed": 48182.164679, "delta": 649.513708}}
{"target": 1.2181546098076468, "params": {"batch_size": 1.335491266862125, "dropout": 0.013933073203323154, "l2_reg": 0.042158159008589796, "lr": 0.008930873807155938, "num_layers": 4.520825902551726, "num_units": 440.2686210131434, "optimizer": 2.8628225830826235}, "datetime": {"datetime": "2020-08-11 22:50:09", "elapsed": 48929.572481, "delta": 747.407802}}
{"target": 0.6031373526145224, "params": {"batch_size": 1.2905622897695657, "dropout": 0.08645311856895935, "l2_reg": 0.042820843748103826, "lr": 0.0035982482148287777, "num_layers": 5.1957938384067806, "num_units": 438.49661563407443, "optimizer": 1.1775305004673502}, "datetime": {"datetime": "2020-08-11 23:03:59", "elapsed": 49759.92784, "delta": 830.355359}}
